2025-12-05T06:34:27.181+01:00  WARN 99228 --- [main] ory$DuplicateJsonObjectContextCustomizer : 

Found multiple occurrences of org.json.JSONObject on the class path:

	jar:file:/Users/malbasini/.m2/repository/com/vaadin/external/google/android-json/0.0.20131108.vaadin1/android-json-0.0.20131108.vaadin1.jar!/org/json/JSONObject.class
	jar:file:/Users/malbasini/.m2/repository/org/json/json/20240303/json-20240303.jar!/org/json/JSONObject.class

You may wish to exclude one of them to ensure predictable runtime behavior

2025-12-05T06:34:27.201+01:00  INFO 99228 --- [main] c.example.vericert.BillingServiceTest    : Starting BillingServiceTest using Java 23.0.2 with PID 99228 (started by malbasini in /Users/malbasini/Documents/Software/VeriCert)
2025-12-05T06:34:27.201+01:00  INFO 99228 --- [main] c.example.vericert.BillingServiceTest    : No active profile set, falling back to 1 default profile: "default"
2025-12-05T06:34:27.218+01:00 DEBUG 99228 --- [main] o.s.w.c.s.GenericWebApplicationContext   : Refreshing org.springframework.web.context.support.GenericWebApplicationContext@178270b2
2025-12-05T06:34:27.729+01:00  INFO 99228 --- [main] .s.d.r.c.RepositoryConfigurationDelegate : Bootstrapping Spring Data JPA repositories in DEFAULT mode.
2025-12-05T06:34:27.806+01:00  INFO 99228 --- [main] .s.d.r.c.RepositoryConfigurationDelegate : Finished Spring Data repository scanning in 72 ms. Found 12 JPA repository interfaces.
2025-12-05T06:34:28.170+01:00  INFO 99228 --- [main] o.hibernate.jpa.internal.util.LogHelper  : HHH000204: Processing PersistenceUnitInfo [name: default]
2025-12-05T06:34:28.200+01:00  INFO 99228 --- [main] org.hibernate.Version                    : HHH000412: Hibernate ORM core version 6.5.2.Final
2025-12-05T06:34:28.217+01:00  INFO 99228 --- [main] o.h.c.internal.RegionFactoryInitiator    : HHH000026: Second-level cache disabled
2025-12-05T06:34:28.354+01:00  INFO 99228 --- [main] o.s.o.j.p.SpringPersistenceUnitInfo      : No LoadTimeWeaver setup: ignoring JPA class transformer
2025-12-05T06:34:28.367+01:00  INFO 99228 --- [main] com.zaxxer.hikari.HikariDataSource       : HikariPool-1 - Starting...
2025-12-05T06:34:28.617+01:00  INFO 99228 --- [main] com.zaxxer.hikari.pool.HikariPool        : HikariPool-1 - Added connection com.mysql.cj.jdbc.ConnectionImpl@4536a09a
2025-12-05T06:34:28.619+01:00  INFO 99228 --- [main] com.zaxxer.hikari.HikariDataSource       : HikariPool-1 - Start completed.
2025-12-05T06:34:28.658+01:00  WARN 99228 --- [main] org.hibernate.orm.deprecation            : HHH90000025: MySQL8Dialect does not need to be specified explicitly using 'hibernate.dialect' (remove the property setting and it will be selected by default)
2025-12-05T06:34:28.659+01:00  WARN 99228 --- [main] org.hibernate.orm.deprecation            : HHH90000026: MySQL8Dialect has been deprecated; use org.hibernate.dialect.MySQLDialect instead
2025-12-05T06:34:29.188+01:00  INFO 99228 --- [main] o.h.e.t.j.p.i.JtaPlatformInitiator       : HHH000489: No JTA platform available (set 'hibernate.transaction.jta.platform' to enable JTA platform integration)
2025-12-05T06:34:29.235+01:00  INFO 99228 --- [main] j.LocalContainerEntityManagerFactoryBean : Initialized JPA EntityManagerFactory for persistence unit 'default'
2025-12-05T06:34:29.546+01:00  INFO 99228 --- [main] o.s.d.j.r.query.QueryEnhancerFactory     : Hibernate is in classpath; If applicable, HQL parser will be used.
2025-12-05T06:34:30.498+01:00 DEBUG 99228 --- [main] org.hibernate.SQL                        : 
    select
        sk1_0.kid,
        sk1_0.not_after_ts,
        sk1_0.not_before_ts,
        sk1_0.public_key_pem,
        sk1_0.status 
    from
        signing_key sk1_0 
    where
        sk1_0.status in ('ACTIVE', 'RETIRED')
2025-12-05T06:34:30.616+01:00  WARN 99228 --- [main] JpaBaseConfiguration$JpaWebConfiguration : spring.jpa.open-in-view is enabled by default. Therefore, database queries may be performed during view rendering. Explicitly configure spring.jpa.open-in-view to disable this warning
2025-12-05T06:34:30.636+01:00  INFO 99228 --- [main] eAuthenticationProviderManagerConfigurer : Global AuthenticationManager configured with AuthenticationProvider bean with name authProvider
2025-12-05T06:34:30.637+01:00  WARN 99228 --- [main] r$InitializeUserDetailsManagerConfigurer : Global AuthenticationManager configured with an AuthenticationProvider bean. UserDetailsService beans will not be used for username/password login. Consider removing the AuthenticationProvider bean. Alternatively, consider using the UserDetailsService in a manually instantiated DaoAuthenticationProvider.
2025-12-05T06:34:30.676+01:00  INFO 99228 --- [main] o.s.b.a.w.s.WelcomePageHandlerMapping    : Adding welcome page template: index
2025-12-05T06:34:30.725+01:00 DEBUG 99228 --- [main] s.w.s.m.m.a.RequestMappingHandlerMapping : 74 mappings in 'requestMappingHandlerMapping'
2025-12-05T06:34:30.732+01:00 DEBUG 99228 --- [main] o.s.w.s.handler.SimpleUrlHandlerMapping  : Patterns [/] in 'viewControllerHandlerMapping'
2025-12-05T06:34:30.771+01:00 DEBUG 99228 --- [main] o.s.w.s.handler.SimpleUrlHandlerMapping  : Patterns [/webjars/**, /**, /resources/**, /static/**, /files/**] in 'resourceHandlerMapping'
2025-12-05T06:34:30.830+01:00  INFO 99228 --- [main] o.s.b.a.e.web.EndpointLinksResolver      : Exposing 4 endpoints beneath base path '/actuator'
2025-12-05T06:34:30.879+01:00 DEBUG 99228 --- [main] o.s.s.web.DefaultSecurityFilterChain     : Will secure any request with filters: DisableEncodeUrlFilter, WebAsyncManagerIntegrationFilter, SecurityContextHolderFilter, HeaderWriterFilter, LogoutFilter, UsernamePasswordAuthenticationFilter, RequestCacheAwareFilter, SecurityContextHolderAwareRequestFilter, RememberMeAuthenticationFilter, AnonymousAuthenticationFilter, ExceptionTranslationFilter, AuthorizationFilter
2025-12-05T06:34:30.990+01:00 DEBUG 99228 --- [main] s.w.s.m.m.a.RequestMappingHandlerAdapter : ControllerAdvice beans: 1 @ModelAttribute, 0 @InitBinder, 1 RequestBodyAdvice, 1 ResponseBodyAdvice
2025-12-05T06:34:31.016+01:00 DEBUG 99228 --- [main] .m.m.a.ExceptionHandlerExceptionResolver : ControllerAdvice beans: 4 @ExceptionHandler, 1 ResponseBodyAdvice
2025-12-05T06:34:31.181+01:00  INFO 99228 --- [main] c.example.vericert.BillingServiceTest    : Started BillingServiceTest in 4.172 seconds (process running for 5.788)
2025-12-05T06:34:31.184+01:00 DEBUG 99228 --- [scheduling-1] org.hibernate.SQL                        : 
    select
        sk1_0.kid,
        sk1_0.not_after_ts,
        sk1_0.not_before_ts,
        sk1_0.public_key_pem,
        sk1_0.status 
    from
        signing_key sk1_0 
    where
        sk1_0.status in ('ACTIVE', 'RETIRED')
2025-12-05T06:34:55.125+01:00 DEBUG 99228 --- [SpringApplicationShutdownHook] o.s.w.c.s.GenericWebApplicationContext   : Closing org.springframework.web.context.support.GenericWebApplicationContext@178270b2, started on Fri Dec 05 06:34:27 CET 2025
2025-12-05T06:34:55.139+01:00  INFO 99228 --- [SpringApplicationShutdownHook] j.LocalContainerEntityManagerFactoryBean : Closing JPA EntityManagerFactory for persistence unit 'default'
2025-12-05T06:34:55.141+01:00  INFO 99228 --- [SpringApplicationShutdownHook] com.zaxxer.hikari.HikariDataSource       : HikariPool-1 - Shutdown initiated...
2025-12-05T06:34:55.148+01:00  INFO 99228 --- [SpringApplicationShutdownHook] com.zaxxer.hikari.HikariDataSource       : HikariPool-1 - Shutdown completed.
2025-12-05T06:35:04.174+01:00  WARN 99243 --- [main] ory$DuplicateJsonObjectContextCustomizer : 

Found multiple occurrences of org.json.JSONObject on the class path:

	jar:file:/Users/malbasini/.m2/repository/com/vaadin/external/google/android-json/0.0.20131108.vaadin1/android-json-0.0.20131108.vaadin1.jar!/org/json/JSONObject.class
	jar:file:/Users/malbasini/.m2/repository/org/json/json/20240303/json-20240303.jar!/org/json/JSONObject.class

You may wish to exclude one of them to ensure predictable runtime behavior

2025-12-05T06:35:04.180+01:00  INFO 99243 --- [main] c.example.vericert.BillingServiceTest    : Starting BillingServiceTest using Java 23.0.2 with PID 99243 (started by malbasini in /Users/malbasini/Documents/Software/VeriCert)
2025-12-05T06:35:04.181+01:00  INFO 99243 --- [main] c.example.vericert.BillingServiceTest    : No active profile set, falling back to 1 default profile: "default"
2025-12-05T06:35:04.198+01:00 DEBUG 99243 --- [main] o.s.w.c.s.GenericWebApplicationContext   : Refreshing org.springframework.web.context.support.GenericWebApplicationContext@588ffeb
2025-12-05T06:35:04.668+01:00  INFO 99243 --- [main] .s.d.r.c.RepositoryConfigurationDelegate : Bootstrapping Spring Data JPA repositories in DEFAULT mode.
2025-12-05T06:35:04.739+01:00  INFO 99243 --- [main] .s.d.r.c.RepositoryConfigurationDelegate : Finished Spring Data repository scanning in 68 ms. Found 12 JPA repository interfaces.
2025-12-05T06:35:05.065+01:00  INFO 99243 --- [main] o.hibernate.jpa.internal.util.LogHelper  : HHH000204: Processing PersistenceUnitInfo [name: default]
2025-12-05T06:35:05.089+01:00  INFO 99243 --- [main] org.hibernate.Version                    : HHH000412: Hibernate ORM core version 6.5.2.Final
2025-12-05T06:35:05.102+01:00  INFO 99243 --- [main] o.h.c.internal.RegionFactoryInitiator    : HHH000026: Second-level cache disabled
2025-12-05T06:35:05.221+01:00  INFO 99243 --- [main] o.s.o.j.p.SpringPersistenceUnitInfo      : No LoadTimeWeaver setup: ignoring JPA class transformer
2025-12-05T06:35:05.232+01:00  INFO 99243 --- [main] com.zaxxer.hikari.HikariDataSource       : HikariPool-1 - Starting...
2025-12-05T06:35:05.400+01:00  INFO 99243 --- [main] com.zaxxer.hikari.pool.HikariPool        : HikariPool-1 - Added connection com.mysql.cj.jdbc.ConnectionImpl@1be4a7e3
2025-12-05T06:35:05.401+01:00  INFO 99243 --- [main] com.zaxxer.hikari.HikariDataSource       : HikariPool-1 - Start completed.
2025-12-05T06:35:05.434+01:00  WARN 99243 --- [main] org.hibernate.orm.deprecation            : HHH90000025: MySQL8Dialect does not need to be specified explicitly using 'hibernate.dialect' (remove the property setting and it will be selected by default)
2025-12-05T06:35:05.434+01:00  WARN 99243 --- [main] org.hibernate.orm.deprecation            : HHH90000026: MySQL8Dialect has been deprecated; use org.hibernate.dialect.MySQLDialect instead
2025-12-05T06:35:05.921+01:00  INFO 99243 --- [main] o.h.e.t.j.p.i.JtaPlatformInitiator       : HHH000489: No JTA platform available (set 'hibernate.transaction.jta.platform' to enable JTA platform integration)
2025-12-05T06:35:05.960+01:00  INFO 99243 --- [main] j.LocalContainerEntityManagerFactoryBean : Initialized JPA EntityManagerFactory for persistence unit 'default'
2025-12-05T06:35:06.238+01:00  INFO 99243 --- [main] o.s.d.j.r.query.QueryEnhancerFactory     : Hibernate is in classpath; If applicable, HQL parser will be used.
2025-12-05T06:35:07.096+01:00 DEBUG 99243 --- [main] org.hibernate.SQL                        : 
    select
        sk1_0.kid,
        sk1_0.not_after_ts,
        sk1_0.not_before_ts,
        sk1_0.public_key_pem,
        sk1_0.status 
    from
        signing_key sk1_0 
    where
        sk1_0.status in ('ACTIVE', 'RETIRED')
2025-12-05T06:35:07.200+01:00  WARN 99243 --- [main] JpaBaseConfiguration$JpaWebConfiguration : spring.jpa.open-in-view is enabled by default. Therefore, database queries may be performed during view rendering. Explicitly configure spring.jpa.open-in-view to disable this warning
2025-12-05T06:35:07.219+01:00  INFO 99243 --- [main] eAuthenticationProviderManagerConfigurer : Global AuthenticationManager configured with AuthenticationProvider bean with name authProvider
2025-12-05T06:35:07.219+01:00  WARN 99243 --- [main] r$InitializeUserDetailsManagerConfigurer : Global AuthenticationManager configured with an AuthenticationProvider bean. UserDetailsService beans will not be used for username/password login. Consider removing the AuthenticationProvider bean. Alternatively, consider using the UserDetailsService in a manually instantiated DaoAuthenticationProvider.
2025-12-05T06:35:07.253+01:00  INFO 99243 --- [main] o.s.b.a.w.s.WelcomePageHandlerMapping    : Adding welcome page template: index
2025-12-05T06:35:07.299+01:00 DEBUG 99243 --- [main] s.w.s.m.m.a.RequestMappingHandlerMapping : 74 mappings in 'requestMappingHandlerMapping'
2025-12-05T06:35:07.306+01:00 DEBUG 99243 --- [main] o.s.w.s.handler.SimpleUrlHandlerMapping  : Patterns [/] in 'viewControllerHandlerMapping'
2025-12-05T06:35:07.346+01:00 DEBUG 99243 --- [main] o.s.w.s.handler.SimpleUrlHandlerMapping  : Patterns [/webjars/**, /**, /resources/**, /static/**, /files/**] in 'resourceHandlerMapping'
2025-12-05T06:35:07.403+01:00  INFO 99243 --- [main] o.s.b.a.e.web.EndpointLinksResolver      : Exposing 4 endpoints beneath base path '/actuator'
2025-12-05T06:35:07.448+01:00 DEBUG 99243 --- [main] o.s.s.web.DefaultSecurityFilterChain     : Will secure any request with filters: DisableEncodeUrlFilter, WebAsyncManagerIntegrationFilter, SecurityContextHolderFilter, HeaderWriterFilter, LogoutFilter, UsernamePasswordAuthenticationFilter, RequestCacheAwareFilter, SecurityContextHolderAwareRequestFilter, RememberMeAuthenticationFilter, AnonymousAuthenticationFilter, ExceptionTranslationFilter, AuthorizationFilter
2025-12-05T06:35:07.561+01:00 DEBUG 99243 --- [main] s.w.s.m.m.a.RequestMappingHandlerAdapter : ControllerAdvice beans: 1 @ModelAttribute, 0 @InitBinder, 1 RequestBodyAdvice, 1 ResponseBodyAdvice
2025-12-05T06:35:07.579+01:00 DEBUG 99243 --- [main] .m.m.a.ExceptionHandlerExceptionResolver : ControllerAdvice beans: 4 @ExceptionHandler, 1 ResponseBodyAdvice
2025-12-05T06:35:07.720+01:00  INFO 99243 --- [main] c.example.vericert.BillingServiceTest    : Started BillingServiceTest in 3.698 seconds (process running for 4.295)
2025-12-05T06:35:07.723+01:00 DEBUG 99243 --- [scheduling-1] org.hibernate.SQL                        : 
    select
        sk1_0.kid,
        sk1_0.not_after_ts,
        sk1_0.not_before_ts,
        sk1_0.public_key_pem,
        sk1_0.status 
    from
        signing_key sk1_0 
    where
        sk1_0.status in ('ACTIVE', 'RETIRED')
2025-12-05T06:35:09.195+01:00 DEBUG 99243 --- [SpringApplicationShutdownHook] o.s.w.c.s.GenericWebApplicationContext   : Closing org.springframework.web.context.support.GenericWebApplicationContext@588ffeb, started on Fri Dec 05 06:35:04 CET 2025
2025-12-05T06:35:09.206+01:00  INFO 99243 --- [SpringApplicationShutdownHook] j.LocalContainerEntityManagerFactoryBean : Closing JPA EntityManagerFactory for persistence unit 'default'
2025-12-05T06:35:09.207+01:00  INFO 99243 --- [SpringApplicationShutdownHook] com.zaxxer.hikari.HikariDataSource       : HikariPool-1 - Shutdown initiated...
2025-12-05T06:35:09.212+01:00  INFO 99243 --- [SpringApplicationShutdownHook] com.zaxxer.hikari.HikariDataSource       : HikariPool-1 - Shutdown completed.
2025-12-05T22:26:18.274+01:00  WARN 12312 --- [main] ory$DuplicateJsonObjectContextCustomizer : 

Found multiple occurrences of org.json.JSONObject on the class path:

	jar:file:/Users/malbasini/.m2/repository/com/vaadin/external/google/android-json/0.0.20131108.vaadin1/android-json-0.0.20131108.vaadin1.jar!/org/json/JSONObject.class
	jar:file:/Users/malbasini/.m2/repository/org/json/json/20240303/json-20240303.jar!/org/json/JSONObject.class

You may wish to exclude one of them to ensure predictable runtime behavior

2025-12-05T22:26:18.282+01:00  INFO 12312 --- [main] c.example.vericert.BillingServiceTest    : Starting BillingServiceTest using Java 23.0.2 with PID 12312 (started by malbasini in /Users/malbasini/Documents/Software/VeriCert)
2025-12-05T22:26:18.283+01:00  INFO 12312 --- [main] c.example.vericert.BillingServiceTest    : No active profile set, falling back to 1 default profile: "default"
2025-12-05T22:26:18.297+01:00 DEBUG 12312 --- [main] o.s.w.c.s.GenericWebApplicationContext   : Refreshing org.springframework.web.context.support.GenericWebApplicationContext@6ab7ce48
2025-12-05T22:26:18.829+01:00  INFO 12312 --- [main] .s.d.r.c.RepositoryConfigurationDelegate : Bootstrapping Spring Data JPA repositories in DEFAULT mode.
2025-12-05T22:26:18.907+01:00  INFO 12312 --- [main] .s.d.r.c.RepositoryConfigurationDelegate : Finished Spring Data repository scanning in 74 ms. Found 12 JPA repository interfaces.
2025-12-05T22:26:19.267+01:00  INFO 12312 --- [main] o.hibernate.jpa.internal.util.LogHelper  : HHH000204: Processing PersistenceUnitInfo [name: default]
2025-12-05T22:26:19.298+01:00  INFO 12312 --- [main] org.hibernate.Version                    : HHH000412: Hibernate ORM core version 6.5.2.Final
2025-12-05T22:26:19.315+01:00  INFO 12312 --- [main] o.h.c.internal.RegionFactoryInitiator    : HHH000026: Second-level cache disabled
2025-12-05T22:26:19.449+01:00  INFO 12312 --- [main] o.s.o.j.p.SpringPersistenceUnitInfo      : No LoadTimeWeaver setup: ignoring JPA class transformer
2025-12-05T22:26:19.463+01:00  INFO 12312 --- [main] com.zaxxer.hikari.HikariDataSource       : HikariPool-1 - Starting...
2025-12-05T22:26:19.718+01:00  INFO 12312 --- [main] com.zaxxer.hikari.pool.HikariPool        : HikariPool-1 - Added connection com.mysql.cj.jdbc.ConnectionImpl@245b0bd7
2025-12-05T22:26:19.719+01:00  INFO 12312 --- [main] com.zaxxer.hikari.HikariDataSource       : HikariPool-1 - Start completed.
2025-12-05T22:26:19.755+01:00  WARN 12312 --- [main] org.hibernate.orm.deprecation            : HHH90000025: MySQL8Dialect does not need to be specified explicitly using 'hibernate.dialect' (remove the property setting and it will be selected by default)
2025-12-05T22:26:19.755+01:00  WARN 12312 --- [main] org.hibernate.orm.deprecation            : HHH90000026: MySQL8Dialect has been deprecated; use org.hibernate.dialect.MySQLDialect instead
2025-12-05T22:26:20.281+01:00  INFO 12312 --- [main] o.h.e.t.j.p.i.JtaPlatformInitiator       : HHH000489: No JTA platform available (set 'hibernate.transaction.jta.platform' to enable JTA platform integration)
2025-12-05T22:26:20.331+01:00  INFO 12312 --- [main] j.LocalContainerEntityManagerFactoryBean : Initialized JPA EntityManagerFactory for persistence unit 'default'
2025-12-05T22:26:20.639+01:00  INFO 12312 --- [main] o.s.d.j.r.query.QueryEnhancerFactory     : Hibernate is in classpath; If applicable, HQL parser will be used.
2025-12-05T22:26:21.561+01:00 DEBUG 12312 --- [main] org.hibernate.SQL                        : 
    select
        sk1_0.kid,
        sk1_0.not_after_ts,
        sk1_0.not_before_ts,
        sk1_0.public_key_pem,
        sk1_0.status 
    from
        signing_key sk1_0 
    where
        sk1_0.status in ('ACTIVE', 'RETIRED')
2025-12-05T22:26:21.674+01:00  WARN 12312 --- [main] JpaBaseConfiguration$JpaWebConfiguration : spring.jpa.open-in-view is enabled by default. Therefore, database queries may be performed during view rendering. Explicitly configure spring.jpa.open-in-view to disable this warning
2025-12-05T22:26:21.695+01:00  INFO 12312 --- [main] eAuthenticationProviderManagerConfigurer : Global AuthenticationManager configured with AuthenticationProvider bean with name authProvider
2025-12-05T22:26:21.695+01:00  WARN 12312 --- [main] r$InitializeUserDetailsManagerConfigurer : Global AuthenticationManager configured with an AuthenticationProvider bean. UserDetailsService beans will not be used for username/password login. Consider removing the AuthenticationProvider bean. Alternatively, consider using the UserDetailsService in a manually instantiated DaoAuthenticationProvider.
2025-12-05T22:26:21.733+01:00  INFO 12312 --- [main] o.s.b.a.w.s.WelcomePageHandlerMapping    : Adding welcome page template: index
2025-12-05T22:26:21.783+01:00 DEBUG 12312 --- [main] s.w.s.m.m.a.RequestMappingHandlerMapping : 74 mappings in 'requestMappingHandlerMapping'
2025-12-05T22:26:21.793+01:00 DEBUG 12312 --- [main] o.s.w.s.handler.SimpleUrlHandlerMapping  : Patterns [/] in 'viewControllerHandlerMapping'
2025-12-05T22:26:21.848+01:00 DEBUG 12312 --- [main] o.s.w.s.handler.SimpleUrlHandlerMapping  : Patterns [/webjars/**, /**, /resources/**, /static/**, /files/**] in 'resourceHandlerMapping'
2025-12-05T22:26:21.907+01:00  INFO 12312 --- [main] o.s.b.a.e.web.EndpointLinksResolver      : Exposing 4 endpoints beneath base path '/actuator'
2025-12-05T22:26:21.956+01:00 DEBUG 12312 --- [main] o.s.s.web.DefaultSecurityFilterChain     : Will secure any request with filters: DisableEncodeUrlFilter, WebAsyncManagerIntegrationFilter, SecurityContextHolderFilter, HeaderWriterFilter, LogoutFilter, UsernamePasswordAuthenticationFilter, RequestCacheAwareFilter, SecurityContextHolderAwareRequestFilter, RememberMeAuthenticationFilter, AnonymousAuthenticationFilter, ExceptionTranslationFilter, AuthorizationFilter
2025-12-05T22:26:22.092+01:00 DEBUG 12312 --- [main] s.w.s.m.m.a.RequestMappingHandlerAdapter : ControllerAdvice beans: 1 @ModelAttribute, 0 @InitBinder, 1 RequestBodyAdvice, 1 ResponseBodyAdvice
2025-12-05T22:26:22.111+01:00 DEBUG 12312 --- [main] .m.m.a.ExceptionHandlerExceptionResolver : ControllerAdvice beans: 4 @ExceptionHandler, 1 ResponseBodyAdvice
2025-12-05T22:26:22.279+01:00  INFO 12312 --- [main] c.example.vericert.BillingServiceTest    : Started BillingServiceTest in 4.185 seconds (process running for 6.182)
2025-12-05T22:26:22.281+01:00 DEBUG 12312 --- [scheduling-1] org.hibernate.SQL                        : 
    select
        sk1_0.kid,
        sk1_0.not_after_ts,
        sk1_0.not_before_ts,
        sk1_0.public_key_pem,
        sk1_0.status 
    from
        signing_key sk1_0 
    where
        sk1_0.status in ('ACTIVE', 'RETIRED')
2025-12-05T22:26:23.832+01:00 DEBUG 12312 --- [SpringApplicationShutdownHook] o.s.w.c.s.GenericWebApplicationContext   : Closing org.springframework.web.context.support.GenericWebApplicationContext@6ab7ce48, started on Fri Dec 05 22:26:18 CET 2025
2025-12-05T22:26:23.850+01:00  INFO 12312 --- [SpringApplicationShutdownHook] j.LocalContainerEntityManagerFactoryBean : Closing JPA EntityManagerFactory for persistence unit 'default'
2025-12-05T22:26:23.853+01:00  INFO 12312 --- [SpringApplicationShutdownHook] com.zaxxer.hikari.HikariDataSource       : HikariPool-1 - Shutdown initiated...
2025-12-05T22:26:23.862+01:00  INFO 12312 --- [SpringApplicationShutdownHook] com.zaxxer.hikari.HikariDataSource       : HikariPool-1 - Shutdown completed.
2025-12-05T22:26:57.147+01:00  WARN 12318 --- [main] ory$DuplicateJsonObjectContextCustomizer : 

Found multiple occurrences of org.json.JSONObject on the class path:

	jar:file:/Users/malbasini/.m2/repository/com/vaadin/external/google/android-json/0.0.20131108.vaadin1/android-json-0.0.20131108.vaadin1.jar!/org/json/JSONObject.class
	jar:file:/Users/malbasini/.m2/repository/org/json/json/20240303/json-20240303.jar!/org/json/JSONObject.class

You may wish to exclude one of them to ensure predictable runtime behavior

2025-12-05T22:26:57.154+01:00  INFO 12318 --- [main] c.example.vericert.BillingServiceTest    : Starting BillingServiceTest using Java 23.0.2 with PID 12318 (started by malbasini in /Users/malbasini/Documents/Software/VeriCert)
2025-12-05T22:26:57.155+01:00  INFO 12318 --- [main] c.example.vericert.BillingServiceTest    : No active profile set, falling back to 1 default profile: "default"
2025-12-05T22:26:57.168+01:00 DEBUG 12318 --- [main] o.s.w.c.s.GenericWebApplicationContext   : Refreshing org.springframework.web.context.support.GenericWebApplicationContext@6ab7ce48
2025-12-05T22:26:57.686+01:00  INFO 12318 --- [main] .s.d.r.c.RepositoryConfigurationDelegate : Bootstrapping Spring Data JPA repositories in DEFAULT mode.
2025-12-05T22:26:57.762+01:00  INFO 12318 --- [main] .s.d.r.c.RepositoryConfigurationDelegate : Finished Spring Data repository scanning in 72 ms. Found 12 JPA repository interfaces.
2025-12-05T22:26:58.105+01:00  INFO 12318 --- [main] o.hibernate.jpa.internal.util.LogHelper  : HHH000204: Processing PersistenceUnitInfo [name: default]
2025-12-05T22:26:58.134+01:00  INFO 12318 --- [main] org.hibernate.Version                    : HHH000412: Hibernate ORM core version 6.5.2.Final
2025-12-05T22:26:58.152+01:00  INFO 12318 --- [main] o.h.c.internal.RegionFactoryInitiator    : HHH000026: Second-level cache disabled
2025-12-05T22:26:58.290+01:00  INFO 12318 --- [main] o.s.o.j.p.SpringPersistenceUnitInfo      : No LoadTimeWeaver setup: ignoring JPA class transformer
2025-12-05T22:26:58.302+01:00  INFO 12318 --- [main] com.zaxxer.hikari.HikariDataSource       : HikariPool-1 - Starting...
2025-12-05T22:26:58.508+01:00  INFO 12318 --- [main] com.zaxxer.hikari.pool.HikariPool        : HikariPool-1 - Added connection com.mysql.cj.jdbc.ConnectionImpl@575cfec1
2025-12-05T22:26:58.508+01:00  INFO 12318 --- [main] com.zaxxer.hikari.HikariDataSource       : HikariPool-1 - Start completed.
2025-12-05T22:26:58.531+01:00  WARN 12318 --- [main] org.hibernate.orm.deprecation            : HHH90000025: MySQL8Dialect does not need to be specified explicitly using 'hibernate.dialect' (remove the property setting and it will be selected by default)
2025-12-05T22:26:58.532+01:00  WARN 12318 --- [main] org.hibernate.orm.deprecation            : HHH90000026: MySQL8Dialect has been deprecated; use org.hibernate.dialect.MySQLDialect instead
2025-12-05T22:26:59.061+01:00  INFO 12318 --- [main] o.h.e.t.j.p.i.JtaPlatformInitiator       : HHH000489: No JTA platform available (set 'hibernate.transaction.jta.platform' to enable JTA platform integration)
2025-12-05T22:26:59.093+01:00  INFO 12318 --- [main] j.LocalContainerEntityManagerFactoryBean : Initialized JPA EntityManagerFactory for persistence unit 'default'
2025-12-05T22:26:59.403+01:00  INFO 12318 --- [main] o.s.d.j.r.query.QueryEnhancerFactory     : Hibernate is in classpath; If applicable, HQL parser will be used.
2025-12-05T22:27:00.357+01:00 DEBUG 12318 --- [main] org.hibernate.SQL                        : 
    select
        sk1_0.kid,
        sk1_0.not_after_ts,
        sk1_0.not_before_ts,
        sk1_0.public_key_pem,
        sk1_0.status 
    from
        signing_key sk1_0 
    where
        sk1_0.status in ('ACTIVE', 'RETIRED')
2025-12-05T22:27:00.472+01:00  WARN 12318 --- [main] JpaBaseConfiguration$JpaWebConfiguration : spring.jpa.open-in-view is enabled by default. Therefore, database queries may be performed during view rendering. Explicitly configure spring.jpa.open-in-view to disable this warning
2025-12-05T22:27:00.494+01:00  INFO 12318 --- [main] eAuthenticationProviderManagerConfigurer : Global AuthenticationManager configured with AuthenticationProvider bean with name authProvider
2025-12-05T22:27:00.495+01:00  WARN 12318 --- [main] r$InitializeUserDetailsManagerConfigurer : Global AuthenticationManager configured with an AuthenticationProvider bean. UserDetailsService beans will not be used for username/password login. Consider removing the AuthenticationProvider bean. Alternatively, consider using the UserDetailsService in a manually instantiated DaoAuthenticationProvider.
2025-12-05T22:27:00.537+01:00  INFO 12318 --- [main] o.s.b.a.w.s.WelcomePageHandlerMapping    : Adding welcome page template: index
2025-12-05T22:27:00.593+01:00 DEBUG 12318 --- [main] s.w.s.m.m.a.RequestMappingHandlerMapping : 74 mappings in 'requestMappingHandlerMapping'
2025-12-05T22:27:00.602+01:00 DEBUG 12318 --- [main] o.s.w.s.handler.SimpleUrlHandlerMapping  : Patterns [/] in 'viewControllerHandlerMapping'
2025-12-05T22:27:00.650+01:00 DEBUG 12318 --- [main] o.s.w.s.handler.SimpleUrlHandlerMapping  : Patterns [/webjars/**, /**, /resources/**, /static/**, /files/**] in 'resourceHandlerMapping'
2025-12-05T22:27:00.711+01:00  INFO 12318 --- [main] o.s.b.a.e.web.EndpointLinksResolver      : Exposing 4 endpoints beneath base path '/actuator'
2025-12-05T22:27:00.764+01:00 DEBUG 12318 --- [main] o.s.s.web.DefaultSecurityFilterChain     : Will secure any request with filters: DisableEncodeUrlFilter, WebAsyncManagerIntegrationFilter, SecurityContextHolderFilter, HeaderWriterFilter, LogoutFilter, UsernamePasswordAuthenticationFilter, RequestCacheAwareFilter, SecurityContextHolderAwareRequestFilter, RememberMeAuthenticationFilter, AnonymousAuthenticationFilter, ExceptionTranslationFilter, AuthorizationFilter
2025-12-05T22:27:00.891+01:00 DEBUG 12318 --- [main] s.w.s.m.m.a.RequestMappingHandlerAdapter : ControllerAdvice beans: 1 @ModelAttribute, 0 @InitBinder, 1 RequestBodyAdvice, 1 ResponseBodyAdvice
2025-12-05T22:27:00.911+01:00 DEBUG 12318 --- [main] .m.m.a.ExceptionHandlerExceptionResolver : ControllerAdvice beans: 4 @ExceptionHandler, 1 ResponseBodyAdvice
2025-12-05T22:27:01.077+01:00  INFO 12318 --- [main] c.example.vericert.BillingServiceTest    : Started BillingServiceTest in 4.099 seconds (process running for 4.958)
2025-12-05T22:27:01.080+01:00 DEBUG 12318 --- [scheduling-1] org.hibernate.SQL                        : 
    select
        sk1_0.kid,
        sk1_0.not_after_ts,
        sk1_0.not_before_ts,
        sk1_0.public_key_pem,
        sk1_0.status 
    from
        signing_key sk1_0 
    where
        sk1_0.status in ('ACTIVE', 'RETIRED')
2025-12-05T22:27:02.441+01:00 DEBUG 12318 --- [SpringApplicationShutdownHook] o.s.w.c.s.GenericWebApplicationContext   : Closing org.springframework.web.context.support.GenericWebApplicationContext@6ab7ce48, started on Fri Dec 05 22:26:57 CET 2025
2025-12-05T22:27:02.458+01:00  INFO 12318 --- [SpringApplicationShutdownHook] j.LocalContainerEntityManagerFactoryBean : Closing JPA EntityManagerFactory for persistence unit 'default'
2025-12-05T22:27:02.462+01:00  INFO 12318 --- [SpringApplicationShutdownHook] com.zaxxer.hikari.HikariDataSource       : HikariPool-1 - Shutdown initiated...
2025-12-05T22:27:02.467+01:00  INFO 12318 --- [SpringApplicationShutdownHook] com.zaxxer.hikari.HikariDataSource       : HikariPool-1 - Shutdown completed.
